desc: --massif-out-file=layered_mode.out
cmd: ./builddir/lusush -i
time_unit: i
#-----------
snapshot=0
#-----------
time=0
mem_heap_B=0
mem_heap_extra_B=0
mem_stacks_B=0
heap_tree=empty
#-----------
snapshot=1
#-----------
time=1012955
mem_heap_B=5
mem_heap_extra_B=19
mem_stacks_B=0
heap_tree=empty
#-----------
snapshot=2
#-----------
time=1190860
mem_heap_B=6640
mem_heap_extra_B=1696
mem_stacks_B=0
heap_tree=detailed
n9: 6640 (heap allocation functions) malloc/new/new[], --alloc-fns, etc.
 n1: 2864 0x48DB40A: _nl_intern_locale_data (loadlocale.c:156)
  n1: 2864 0x48DB1B3: _nl_load_locale_from_archive (loadarchive.c:477)
   n1: 2864 0x48DA458: _nl_find_locale (findlocale.c:152)
    n1: 2864 0x48DD382: setlocale (setlocale.c:337)
     n1: 2864 0x4381C1: init (init.c:88)
      n0: 2864 0x4010A4: main (lusush.c:55)
 n5: 953 0x4955AAE: strdup (strdup.c:42)
  n1: 511 0x43BBC1: __ht_add_to_bucket (ht.c:135)
   n1: 511 0x43BBC1: ht_insert (ht.c:329)
    n1: 511 0x452354: symtable_set_var (symtable.c:364)
     n1: 511 0x452FBF: symtable_export_var (symtable.c:454)
      n1: 511 0x452FBF: symtable_export_global (symtable.c:586)
       n1: 511 0x438227: init (init.c:114)
        n0: 511 0x4010A4: main (lusush.c:55)
  n1: 144 0x48DD567: setlocale (setlocale.c:366)
   n1: 144 0x4381C1: init (init.c:88)
    n0: 144 0x4010A4: main (lusush.c:55)
  n1: 136 0x43BCFC: __ht_add_to_bucket (ht.c:112)
   n1: 136 0x43BCFC: ht_insert (ht.c:329)
    n1: 136 0x452ACC: symtable_set_var (symtable.c:364)
     n1: 136 0x452ACC: symtable_set_global_var (symtable.c:392)
      n1: 136 0x452ACC: symtable_set_global (symtable.c:530)
       n1: 136 0x43821F: init (init.c:113)
        n0: 136 0x4010A4: main (lusush.c:55)
  n1: 132 0x43BCB6: __ht_add_to_bucket (ht.c:155)
   n1: 132 0x43BCB6: ht_insert (ht.c:329)
    n1: 132 0x452ACC: symtable_set_var (symtable.c:364)
     n1: 132 0x452ACC: symtable_set_global_var (symtable.c:392)
      n1: 132 0x452ACC: symtable_set_global (symtable.c:530)
       n1: 132 0x43821F: init (init.c:113)
        n0: 132 0x4010A4: main (lusush.c:55)
  n0: 30 in 8 places, all below massif's threshold (1.00%)
 n1: 792 0x48DB4FC: _nl_intern_locale_data (loadlocale.c:156)
  n1: 792 0x48DB1B3: _nl_load_locale_from_archive (loadarchive.c:477)
   n1: 792 0x48DA458: _nl_find_locale (findlocale.c:152)
    n1: 792 0x48DD382: setlocale (setlocale.c:337)
     n1: 792 0x4381C1: init (init.c:88)
      n0: 792 0x4010A4: main (lusush.c:55)
 n1: 657 0x48EC22D: __add_to_environ (setenv.c:251)
  n1: 657 0x452FEF: symtable_export_var (symtable.c:458)
   n1: 657 0x452FEF: symtable_export_global (symtable.c:586)
    n1: 657 0x438227: init (init.c:114)
     n0: 657 0x4010A4: main (lusush.c:55)
 n1: 408 0x49C0164: __tsearch (tsearch.c:337)
  n1: 408 0x49C0164: tsearch (tsearch.c:290)
   n1: 408 0x48EC29A: __add_to_environ (setenv.c:274)
    n1: 408 0x452FEF: symtable_export_var (symtable.c:458)
     n1: 408 0x452FEF: symtable_export_global (symtable.c:586)
      n1: 408 0x438227: init (init.c:114)
       n0: 408 0x4010A4: main (lusush.c:55)
 n1: 384 0x43B896: ht_create (ht.c:264)
  n1: 384 0x43C494: ht_strstr_create (ht_strstr.c:30)
   n1: 384 0x452027: symtable_manager_new (symtable.c:183)
    n1: 384 0x453478: init_symtable (symtable.c:659)
     n1: 384 0x4381CB: init (init.c:94)
      n0: 384 0x4010A4: main (lusush.c:55)
 n0: 270 in 10 places, all below massif's threshold (1.00%)
 n1: 192 0x43BCA0: __ht_add_to_bucket (ht.c:148)
  n1: 192 0x43BCA0: ht_insert (ht.c:329)
   n1: 192 0x452ACC: symtable_set_var (symtable.c:364)
    n1: 192 0x452ACC: symtable_set_global_var (symtable.c:392)
     n1: 192 0x452ACC: symtable_set_global (symtable.c:530)
      n1: 192 0x43821F: init (init.c:113)
       n0: 192 0x4010A4: main (lusush.c:55)
 n1: 120 0x48DB15E: _nl_load_locale_from_archive (loadarchive.c:460)
  n1: 120 0x48DA458: _nl_find_locale (findlocale.c:152)
   n1: 120 0x48DD382: setlocale (setlocale.c:337)
    n1: 120 0x4381C1: init (init.c:88)
     n0: 120 0x4010A4: main (lusush.c:55)
#-----------
snapshot=3
#-----------
time=1356958
mem_heap_B=8914
mem_heap_extra_B=3294
mem_stacks_B=0
heap_tree=empty
#-----------
snapshot=4
#-----------
time=1456339
mem_heap_B=10219
mem_heap_extra_B=4173
mem_stacks_B=0
heap_tree=empty
#-----------
snapshot=5
#-----------
time=1679818
mem_heap_B=12773
mem_heap_extra_B=5923
mem_stacks_B=0
heap_tree=empty
#-----------
snapshot=6
#-----------
time=1843889
mem_heap_B=19369
mem_heap_extra_B=6855
mem_stacks_B=0
heap_tree=empty
#-----------
snapshot=7
#-----------
time=2068238
mem_heap_B=635772
mem_heap_extra_B=7388
mem_stacks_B=0
heap_tree=detailed
n2: 635772 (heap allocation functions) malloc/new/new[], --alloc-fns, etc.
 n1: 588000 0x44AA8D: create_ssh_host_cache (network.c:502)
  n1: 588000 0x44AA8D: network_init (network.c:48)
   n1: 588000 0x4382A1: init (init.c:147)
    n0: 588000 0x4010A4: main (lusush.c:55)
 n0: 47772 in 31 places, all below massif's threshold (1.00%)
#-----------
snapshot=8
#-----------
time=2212991
mem_heap_B=695277
mem_heap_extra_B=12787
mem_stacks_B=0
heap_tree=empty
#-----------
snapshot=9
#-----------
time=2445407
mem_heap_B=706884
mem_heap_extra_B=22388
mem_stacks_B=0
heap_tree=empty
#-----------
snapshot=10
#-----------
time=2628140
mem_heap_B=716382
mem_heap_extra_B=29738
mem_stacks_B=0
heap_tree=empty
#-----------
snapshot=11
#-----------
time=2743920
mem_heap_B=722434
mem_heap_extra_B=34374
mem_stacks_B=0
heap_tree=empty
#-----------
snapshot=12
#-----------
time=2916355
mem_heap_B=732963
mem_heap_extra_B=40509
mem_stacks_B=0
heap_tree=empty
#-----------
snapshot=13
#-----------
time=3023058
mem_heap_B=734974
mem_heap_extra_B=42970
mem_stacks_B=0
heap_tree=empty
#-----------
snapshot=14
#-----------
time=3163993
mem_heap_B=780009
mem_heap_extra_B=43919
mem_stacks_B=0
heap_tree=empty
#-----------
snapshot=15
#-----------
time=3379848
mem_heap_B=791327
mem_heap_extra_B=52465
mem_stacks_B=0
heap_tree=detailed
n4: 791327 (heap allocation functions) malloc/new/new[], --alloc-fns, etc.
 n1: 588000 0x44AA8D: create_ssh_host_cache (network.c:502)
  n1: 588000 0x44AA8D: network_init (network.c:48)
   n1: 588000 0x4382A1: init (init.c:147)
    n0: 588000 0x4010A4: main (lusush.c:55)
 n6: 108933 0x489EA3C: xmalloc (xmalloc.c:59)
  n1: 32016 0x4897B29: add_history (history.c:314)
   n1: 32016 0x48A34F5: read_history_range (histfile.c:422)
    n1: 32016 0x43F16F: lusush_history_load (readline_integration.c:703)
     n1: 32016 0x43F16F: lusush_readline_init.part.0 (readline_integration.c:353)
      n1: 32016 0x43F238: lusush_readline_init (readline_integration.c:320)
       n1: 32016 0x438B7D: init (init.c:348)
        n0: 32016 0x4010A4: main (lusush.c:55)
  n1: 24440 0x4894CEB: alloc_history_entry (history.c:233)
   n1: 24440 0x4897ABD: add_history (history.c:329)
    n2: 24440 0x48A34F5: read_history_range (histfile.c:422)
     n1: 19928 0x43F16F: lusush_history_load (readline_integration.c:703)
      n1: 19928 0x43F16F: lusush_readline_init.part.0 (readline_integration.c:353)
       n1: 19928 0x43F238: lusush_readline_init (readline_integration.c:320)
        n1: 19928 0x438B7D: init (init.c:348)
         n0: 19928 0x4010A4: main (lusush.c:55)
     n0: 4512 in 1 place, below massif's threshold (1.00%)
  n1: 24000 0x4894CCE: alloc_history_entry (history.c:231)
   n1: 24000 0x4897ABD: add_history (history.c:329)
    n2: 24000 0x48A34F5: read_history_range (histfile.c:422)
     n1: 19224 0x43F16F: lusush_history_load (readline_integration.c:703)
      n1: 19224 0x43F16F: lusush_readline_init.part.0 (readline_integration.c:353)
       n1: 19224 0x43F238: lusush_readline_init (readline_integration.c:320)
        n1: 19224 0x438B7D: init (init.c:348)
         n0: 19224 0x4010A4: main (lusush.c:55)
     n0: 4776 in 1 place, below massif's threshold (1.00%)
  n1: 16448 0x4877FF1: rl_make_bare_keymap (keymaps.c:62)
   n2: 16448 0x4878E5F: rl_generic_bind (bind.c:454)
    n1: 12336 0x43DD04: setup_key_bindings (readline_integration.c:2288)
     n1: 12336 0x43F04A: lusush_readline_init.part.0 (readline_integration.c:359)
      n1: 12336 0x43F238: lusush_readline_init (readline_integration.c:320)
       n1: 12336 0x438B7D: init (init.c:348)
        n0: 12336 0x4010A4: main (lusush.c:55)
    n0: 4112 in 1 place, below massif's threshold (1.00%)
  n1: 12000 0x4897A96: UnknownInlinedFun (history.c:270)
   n1: 12000 0x4897A96: add_history (history.c:329)
    n2: 12000 0x48A34F5: read_history_range (histfile.c:422)
     n1: 9612 0x43F16F: lusush_history_load (readline_integration.c:703)
      n1: 9612 0x43F16F: lusush_readline_init.part.0 (readline_integration.c:353)
       n1: 9612 0x43F238: lusush_readline_init (readline_integration.c:320)
        n1: 9612 0x438B7D: init (init.c:348)
         n0: 9612 0x4010A4: main (lusush.c:55)
     n0: 2388 in 1 place, below massif's threshold (1.00%)
  n0: 29 in 2 places, all below massif's threshold (1.00%)
 n0: 74465 in 54 places, all below massif's threshold (1.00%)
 n2: 19929 0x48A30AB: read_history_range (histfile.c:329)
  n1: 19929 0x43E977: lusush_history_load (readline_integration.c:703)
   n1: 19929 0x40AB6D: init_history (history.c:56)
    n1: 19929 0x438D1E: init (init.c:454)
     n0: 19929 0x4010A4: main (lusush.c:55)
  n0: 0 in 1 place, below massif's threshold (1.00%)
#-----------
snapshot=16
#-----------
time=3537515
mem_heap_B=790607
mem_heap_extra_B=52561
mem_stacks_B=0
heap_tree=empty
#-----------
snapshot=17
#-----------
time=3748685
mem_heap_B=790707
mem_heap_extra_B=52637
mem_stacks_B=0
heap_tree=empty
#-----------
snapshot=18
#-----------
time=3889850
mem_heap_B=790809
mem_heap_extra_B=52759
mem_stacks_B=0
heap_tree=empty
#-----------
snapshot=19
#-----------
time=4030376
mem_heap_B=791118
mem_heap_extra_B=52594
mem_stacks_B=0
heap_tree=empty
#-----------
snapshot=20
#-----------
time=4172322
mem_heap_B=791031
mem_heap_extra_B=52625
mem_stacks_B=0
heap_tree=empty
#-----------
snapshot=21
#-----------
time=4278184
mem_heap_B=792576
mem_heap_extra_B=52528
mem_stacks_B=0
heap_tree=empty
#-----------
snapshot=22
#-----------
time=4419550
mem_heap_B=793402
mem_heap_extra_B=52486
mem_stacks_B=0
heap_tree=empty
#-----------
snapshot=23
#-----------
time=4596770
mem_heap_B=793795
mem_heap_extra_B=52413
mem_stacks_B=0
heap_tree=empty
#-----------
snapshot=24
#-----------
time=4714791
mem_heap_B=773722
mem_heap_extra_B=52350
mem_stacks_B=0
heap_tree=empty
#-----------
snapshot=25
#-----------
time=4891318
mem_heap_B=773442
mem_heap_extra_B=52182
mem_stacks_B=0
heap_tree=empty
#-----------
snapshot=26
#-----------
time=5071672
mem_heap_B=772927
mem_heap_extra_B=51993
mem_stacks_B=0
heap_tree=empty
#-----------
snapshot=27
#-----------
time=5213654
mem_heap_B=772522
mem_heap_extra_B=51870
mem_stacks_B=0
heap_tree=empty
#-----------
snapshot=28
#-----------
time=5316240
mem_heap_B=772320
mem_heap_extra_B=51784
mem_stacks_B=0
heap_tree=empty
#-----------
snapshot=29
#-----------
time=5451245
mem_heap_B=771983
mem_heap_extra_B=51641
mem_stacks_B=0
heap_tree=empty
#-----------
snapshot=30
#-----------
time=5655590
mem_heap_B=771426
mem_heap_extra_B=51462
mem_stacks_B=0
heap_tree=empty
#-----------
snapshot=31
#-----------
time=5797210
mem_heap_B=771127
mem_heap_extra_B=51329
mem_stacks_B=0
heap_tree=empty
#-----------
snapshot=32
#-----------
time=5928651
mem_heap_B=770787
mem_heap_extra_B=51205
mem_stacks_B=0
heap_tree=empty
#-----------
snapshot=33
#-----------
time=6058953
mem_heap_B=770427
mem_heap_extra_B=51085
mem_stacks_B=0
heap_tree=empty
#-----------
snapshot=34
#-----------
time=6254210
mem_heap_B=769977
mem_heap_extra_B=50911
mem_stacks_B=0
heap_tree=detailed
n3: 769977 (heap allocation functions) malloc/new/new[], --alloc-fns, etc.
 n1: 588000 0x44AA8D: create_ssh_host_cache (network.c:502)
  n1: 588000 0x44AA8D: network_init (network.c:48)
   n1: 588000 0x4382A1: init (init.c:147)
    n0: 588000 0x4010A4: main (lusush.c:55)
 n6: 107512 0x489EA3C: xmalloc (xmalloc.c:59)
  n1: 32016 0x4897B29: add_history (history.c:314)
   n1: 32016 0x48A34F5: read_history_range (histfile.c:422)
    n1: 32016 0x43F16F: lusush_history_load (readline_integration.c:703)
     n1: 32016 0x43F16F: lusush_readline_init.part.0 (readline_integration.c:353)
      n1: 32016 0x43F238: lusush_readline_init (readline_integration.c:320)
       n1: 32016 0x438B7D: init (init.c:348)
        n0: 32016 0x4010A4: main (lusush.c:55)
  n1: 24176 0x4894CEB: alloc_history_entry (history.c:233)
   n1: 24176 0x4897ABD: add_history (history.c:329)
    n2: 24176 0x48A34F5: read_history_range (histfile.c:422)
     n1: 17162 0x43E977: lusush_history_load (readline_integration.c:703)
      n1: 17162 0x40AB6D: init_history (history.c:56)
       n1: 17162 0x438D1E: init (init.c:454)
        n0: 17162 0x4010A4: main (lusush.c:55)
     n0: 7014 in 1 place, below massif's threshold (1.00%)
  n1: 22872 0x4894CCE: alloc_history_entry (history.c:231)
   n1: 22872 0x4897ABD: add_history (history.c:329)
    n2: 22872 0x48A34F5: read_history_range (histfile.c:422)
     n1: 18096 0x43E977: lusush_history_load (readline_integration.c:703)
      n1: 18096 0x40AB6D: init_history (history.c:56)
       n1: 18096 0x438D1E: init (init.c:454)
        n0: 18096 0x4010A4: main (lusush.c:55)
     n0: 4776 in 1 place, below massif's threshold (1.00%)
  n1: 16448 0x4877FF1: rl_make_bare_keymap (keymaps.c:62)
   n2: 16448 0x4878E5F: rl_generic_bind (bind.c:454)
    n1: 12336 0x43DD04: setup_key_bindings (readline_integration.c:2288)
     n1: 12336 0x43F04A: lusush_readline_init.part.0 (readline_integration.c:359)
      n1: 12336 0x43F238: lusush_readline_init (readline_integration.c:320)
       n1: 12336 0x438B7D: init (init.c:348)
        n0: 12336 0x4010A4: main (lusush.c:55)
    n0: 4112 in 1 place, below massif's threshold (1.00%)
  n1: 12000 0x4897A96: UnknownInlinedFun (history.c:270)
   n1: 12000 0x4897A96: add_history (history.c:329)
    n2: 12000 0x48A34F5: read_history_range (histfile.c:422)
     n1: 9612 0x43E977: lusush_history_load (readline_integration.c:703)
      n1: 9612 0x40AB6D: init_history (history.c:56)
       n1: 9612 0x438D1E: init (init.c:454)
        n0: 9612 0x4010A4: main (lusush.c:55)
     n0: 2388 in 1 place, below massif's threshold (1.00%)
  n0: 0 in 2 places, all below massif's threshold (1.00%)
 n0: 74465 in 55 places, all below massif's threshold (1.00%)
#-----------
snapshot=35
#-----------
time=6383396
mem_heap_B=769593
mem_heap_extra_B=50767
mem_stacks_B=0
heap_tree=empty
#-----------
snapshot=36
#-----------
time=6580470
mem_heap_B=769148
mem_heap_extra_B=50572
mem_stacks_B=0
heap_tree=empty
#-----------
snapshot=37
#-----------
time=6705672
mem_heap_B=768980
mem_heap_extra_B=50452
mem_stacks_B=0
heap_tree=empty
#-----------
snapshot=38
#-----------
time=6830333
mem_heap_B=768779
mem_heap_extra_B=50301
mem_stacks_B=0
heap_tree=empty
#-----------
snapshot=39
#-----------
time=6952833
mem_heap_B=768608
mem_heap_extra_B=50184
mem_stacks_B=0
heap_tree=empty
#-----------
snapshot=40
#-----------
time=7077397
mem_heap_B=768362
mem_heap_extra_B=50046
mem_stacks_B=0
heap_tree=empty
#-----------
snapshot=41
#-----------
time=7262248
mem_heap_B=768054
mem_heap_extra_B=49874
mem_stacks_B=0
heap_tree=empty
#-----------
snapshot=42
#-----------
time=7439340
mem_heap_B=767782
mem_heap_extra_B=49714
mem_stacks_B=0
heap_tree=empty
#-----------
snapshot=43
#-----------
time=7615484
mem_heap_B=767484
mem_heap_extra_B=49532
mem_stacks_B=0
heap_tree=empty
#-----------
snapshot=44
#-----------
time=7793179
mem_heap_B=767189
mem_heap_extra_B=49347
mem_stacks_B=0
heap_tree=empty
#-----------
snapshot=45
#-----------
time=7969102
mem_heap_B=766921
mem_heap_extra_B=49151
mem_stacks_B=0
heap_tree=empty
#-----------
snapshot=46
#-----------
time=8109921
mem_heap_B=766694
mem_heap_extra_B=48994
mem_stacks_B=0
heap_tree=detailed
n3: 766694 (heap allocation functions) malloc/new/new[], --alloc-fns, etc.
 n1: 588000 0x44AA8D: create_ssh_host_cache (network.c:502)
  n1: 588000 0x44AA8D: network_init (network.c:48)
   n1: 588000 0x4382A1: init (init.c:147)
    n0: 588000 0x4010A4: main (lusush.c:55)
 n6: 104229 0x489EA3C: xmalloc (xmalloc.c:59)
  n1: 32016 0x4897B29: add_history (history.c:314)
   n1: 32016 0x48A34F5: read_history_range (histfile.c:422)
    n1: 32016 0x43F16F: lusush_history_load (readline_integration.c:703)
     n1: 32016 0x43F16F: lusush_readline_init.part.0 (readline_integration.c:353)
      n1: 32016 0x43F238: lusush_readline_init (readline_integration.c:320)
       n1: 32016 0x438B7D: init (init.c:348)
        n0: 32016 0x4010A4: main (lusush.c:55)
  n1: 22357 0x4894CEB: alloc_history_entry (history.c:233)
   n1: 22357 0x4897ABD: add_history (history.c:329)
    n2: 22357 0x48A34F5: read_history_range (histfile.c:422)
     n1: 15343 0x43E977: lusush_history_load (readline_integration.c:703)
      n1: 15343 0x40AB6D: init_history (history.c:56)
       n1: 15343 0x438D1E: init (init.c:454)
        n0: 15343 0x4010A4: main (lusush.c:55)
     n0: 7014 in 1 place, below massif's threshold (1.00%)
  n1: 21408 0x4894CCE: alloc_history_entry (history.c:231)
   n1: 21408 0x4897ABD: add_history (history.c:329)
    n2: 21408 0x48A34F5: read_history_range (histfile.c:422)
     n1: 16632 0x43E977: lusush_history_load (readline_integration.c:703)
      n1: 16632 0x40AB6D: init_history (history.c:56)
       n1: 16632 0x438D1E: init (init.c:454)
        n0: 16632 0x4010A4: main (lusush.c:55)
     n0: 4776 in 1 place, below massif's threshold (1.00%)
  n1: 16448 0x4877FF1: rl_make_bare_keymap (keymaps.c:62)
   n2: 16448 0x4878E5F: rl_generic_bind (bind.c:454)
    n1: 12336 0x43DD04: setup_key_bindings (readline_integration.c:2288)
     n1: 12336 0x43F04A: lusush_readline_init.part.0 (readline_integration.c:359)
      n1: 12336 0x43F238: lusush_readline_init (readline_integration.c:320)
       n1: 12336 0x438B7D: init (init.c:348)
        n0: 12336 0x4010A4: main (lusush.c:55)
    n0: 4112 in 1 place, below massif's threshold (1.00%)
  n1: 12000 0x4897A96: UnknownInlinedFun (history.c:270)
   n1: 12000 0x4897A96: add_history (history.c:329)
    n2: 12000 0x48A34F5: read_history_range (histfile.c:422)
     n1: 9612 0x43E977: lusush_history_load (readline_integration.c:703)
      n1: 9612 0x40AB6D: init_history (history.c:56)
       n1: 9612 0x438D1E: init (init.c:454)
        n0: 9612 0x4010A4: main (lusush.c:55)
     n0: 2388 in 1 place, below massif's threshold (1.00%)
  n0: 0 in 2 places, all below massif's threshold (1.00%)
 n0: 74465 in 55 places, all below massif's threshold (1.00%)
#-----------
snapshot=47
#-----------
time=8225020
mem_heap_B=766463
mem_heap_extra_B=48873
mem_stacks_B=0
heap_tree=empty
#-----------
snapshot=48
#-----------
time=8451918
mem_heap_B=766144
mem_heap_extra_B=48616
mem_stacks_B=0
heap_tree=empty
#-----------
snapshot=49
#-----------
time=8574899
mem_heap_B=765924
mem_heap_extra_B=48484
mem_stacks_B=0
heap_tree=empty
#-----------
snapshot=50
#-----------
time=8681066
mem_heap_B=765716
mem_heap_extra_B=48372
mem_stacks_B=0
heap_tree=empty
#-----------
snapshot=51
#-----------
time=8785168
mem_heap_B=765508
mem_heap_extra_B=48244
mem_stacks_B=0
heap_tree=detailed
n3: 765508 (heap allocation functions) malloc/new/new[], --alloc-fns, etc.
 n1: 588000 0x44AA8D: create_ssh_host_cache (network.c:502)
  n1: 588000 0x44AA8D: network_init (network.c:48)
   n1: 588000 0x4382A1: init (init.c:147)
    n0: 588000 0x4010A4: main (lusush.c:55)
 n6: 103043 0x489EA3C: xmalloc (xmalloc.c:59)
  n1: 32016 0x4897B29: add_history (history.c:314)
   n1: 32016 0x48A34F5: read_history_range (histfile.c:422)
    n1: 32016 0x43F16F: lusush_history_load (readline_integration.c:703)
     n1: 32016 0x43F16F: lusush_readline_init.part.0 (readline_integration.c:353)
      n1: 32016 0x43F238: lusush_readline_init (readline_integration.c:320)
       n1: 32016 0x438B7D: init (init.c:348)
        n0: 32016 0x4010A4: main (lusush.c:55)
  n1: 21747 0x4894CEB: alloc_history_entry (history.c:233)
   n1: 21747 0x4897ABD: add_history (history.c:329)
    n2: 21747 0x48A34F5: read_history_range (histfile.c:422)
     n1: 14733 0x43E977: lusush_history_load (readline_integration.c:703)
      n1: 14733 0x40AB6D: init_history (history.c:56)
       n1: 14733 0x438D1E: init (init.c:454)
        n0: 14733 0x4010A4: main (lusush.c:55)
     n0: 7014 in 1 place, below massif's threshold (1.00%)
  n1: 20832 0x4894CCE: alloc_history_entry (history.c:231)
   n1: 20832 0x4897ABD: add_history (history.c:329)
    n2: 20832 0x48A34F5: read_history_range (histfile.c:422)
     n1: 16056 0x43E977: lusush_history_load (readline_integration.c:703)
      n1: 16056 0x40AB6D: init_history (history.c:56)
       n1: 16056 0x438D1E: init (init.c:454)
        n0: 16056 0x4010A4: main (lusush.c:55)
     n0: 4776 in 1 place, below massif's threshold (1.00%)
  n1: 16448 0x4877FF1: rl_make_bare_keymap (keymaps.c:62)
   n2: 16448 0x4878E5F: rl_generic_bind (bind.c:454)
    n1: 12336 0x43DD04: setup_key_bindings (readline_integration.c:2288)
     n1: 12336 0x43F04A: lusush_readline_init.part.0 (readline_integration.c:359)
      n1: 12336 0x43F238: lusush_readline_init (readline_integration.c:320)
       n1: 12336 0x438B7D: init (init.c:348)
        n0: 12336 0x4010A4: main (lusush.c:55)
    n0: 4112 in 1 place, below massif's threshold (1.00%)
  n1: 12000 0x4897A96: UnknownInlinedFun (history.c:270)
   n1: 12000 0x4897A96: add_history (history.c:329)
    n2: 12000 0x48A34F5: read_history_range (histfile.c:422)
     n1: 9612 0x43E977: lusush_history_load (readline_integration.c:703)
      n1: 9612 0x40AB6D: init_history (history.c:56)
       n1: 9612 0x438D1E: init (init.c:454)
        n0: 9612 0x4010A4: main (lusush.c:55)
     n0: 2388 in 1 place, below massif's threshold (1.00%)
  n0: 0 in 2 places, all below massif's threshold (1.00%)
 n0: 74465 in 55 places, all below massif's threshold (1.00%)
#-----------
snapshot=52
#-----------
time=8891661
mem_heap_B=765355
mem_heap_extra_B=48109
mem_stacks_B=0
heap_tree=empty
#-----------
snapshot=53
#-----------
time=8996869
mem_heap_B=765156
mem_heap_extra_B=47988
mem_stacks_B=0
heap_tree=empty
#-----------
snapshot=54
#-----------
time=9101885
mem_heap_B=764975
mem_heap_extra_B=47849
mem_stacks_B=0
heap_tree=empty
#-----------
snapshot=55
#-----------
time=9213162
mem_heap_B=764757
mem_heap_extra_B=47715
mem_stacks_B=0
heap_tree=empty
#-----------
snapshot=56
#-----------
time=9335010
mem_heap_B=764516
mem_heap_extra_B=47572
mem_stacks_B=0
heap_tree=empty
#-----------
snapshot=57
#-----------
time=9457459
mem_heap_B=764291
mem_heap_extra_B=47397
mem_stacks_B=0
heap_tree=empty
#-----------
snapshot=58
#-----------
time=9580941
mem_heap_B=763979
mem_heap_extra_B=47229
mem_stacks_B=0
heap_tree=empty
#-----------
snapshot=59
#-----------
time=9706618
mem_heap_B=763633
mem_heap_extra_B=47063
mem_stacks_B=0
heap_tree=empty
#-----------
snapshot=60
#-----------
time=9822645
mem_heap_B=763363
mem_heap_extra_B=46853
mem_stacks_B=0
heap_tree=empty
#-----------
snapshot=61
#-----------
time=9937353
mem_heap_B=763048
mem_heap_extra_B=46720
mem_stacks_B=0
heap_tree=detailed
n3: 763048 (heap allocation functions) malloc/new/new[], --alloc-fns, etc.
 n1: 588000 0x44AA8D: create_ssh_host_cache (network.c:502)
  n1: 588000 0x44AA8D: network_init (network.c:48)
   n1: 588000 0x4382A1: init (init.c:147)
    n0: 588000 0x4010A4: main (lusush.c:55)
 n6: 100583 0x489EA3C: xmalloc (xmalloc.c:59)
  n1: 32016 0x4897B29: add_history (history.c:314)
   n1: 32016 0x48A34F5: read_history_range (histfile.c:422)
    n1: 32016 0x43F16F: lusush_history_load (readline_integration.c:703)
     n1: 32016 0x43F16F: lusush_readline_init.part.0 (readline_integration.c:353)
      n1: 32016 0x43F238: lusush_readline_init (readline_integration.c:320)
       n1: 32016 0x438B7D: init (init.c:348)
        n0: 32016 0x4010A4: main (lusush.c:55)
  n1: 20391 0x4894CEB: alloc_history_entry (history.c:233)
   n1: 20391 0x4897ABD: add_history (history.c:329)
    n2: 20391 0x48A34F5: read_history_range (histfile.c:422)
     n1: 13377 0x43E977: lusush_history_load (readline_integration.c:703)
      n1: 13377 0x40AB6D: init_history (history.c:56)
       n1: 13377 0x438D1E: init (init.c:454)
        n0: 13377 0x4010A4: main (lusush.c:55)
     n0: 7014 in 1 place, below massif's threshold (1.00%)
  n1: 19728 0x4894CCE: alloc_history_entry (history.c:231)
   n1: 19728 0x4897ABD: add_history (history.c:329)
    n2: 19728 0x48A34F5: read_history_range (histfile.c:422)
     n1: 14952 0x43E977: lusush_history_load (readline_integration.c:703)
      n1: 14952 0x40AB6D: init_history (history.c:56)
       n1: 14952 0x438D1E: init (init.c:454)
        n0: 14952 0x4010A4: main (lusush.c:55)
     n0: 4776 in 1 place, below massif's threshold (1.00%)
  n1: 16448 0x4877FF1: rl_make_bare_keymap (keymaps.c:62)
   n2: 16448 0x4878E5F: rl_generic_bind (bind.c:454)
    n1: 12336 0x43DD04: setup_key_bindings (readline_integration.c:2288)
     n1: 12336 0x43F04A: lusush_readline_init.part.0 (readline_integration.c:359)
      n1: 12336 0x43F238: lusush_readline_init (readline_integration.c:320)
       n1: 12336 0x438B7D: init (init.c:348)
        n0: 12336 0x4010A4: main (lusush.c:55)
    n0: 4112 in 1 place, below massif's threshold (1.00%)
  n1: 12000 0x4897A96: UnknownInlinedFun (history.c:270)
   n1: 12000 0x4897A96: add_history (history.c:329)
    n2: 12000 0x48A34F5: read_history_range (histfile.c:422)
     n1: 9612 0x43E977: lusush_history_load (readline_integration.c:703)
      n1: 9612 0x40AB6D: init_history (history.c:56)
       n1: 9612 0x438D1E: init (init.c:454)
        n0: 9612 0x4010A4: main (lusush.c:55)
     n0: 2388 in 1 place, below massif's threshold (1.00%)
  n0: 0 in 2 places, all below massif's threshold (1.00%)
 n0: 74465 in 55 places, all below massif's threshold (1.00%)
#-----------
snapshot=62
#-----------
time=10051453
mem_heap_B=762806
mem_heap_extra_B=46562
mem_stacks_B=0
heap_tree=empty
#-----------
snapshot=63
#-----------
time=10165547
mem_heap_B=762548
mem_heap_extra_B=46404
mem_stacks_B=0
heap_tree=empty
#-----------
snapshot=64
#-----------
time=10265913
mem_heap_B=762373
mem_heap_extra_B=46275
mem_stacks_B=0
heap_tree=empty
#-----------
snapshot=65
#-----------
time=10365480
mem_heap_B=762134
mem_heap_extra_B=46130
mem_stacks_B=0
heap_tree=empty
#-----------
snapshot=66
#-----------
time=16866859
mem_heap_B=757915
mem_heap_extra_B=45997
mem_stacks_B=0
heap_tree=empty
#-----------
snapshot=67
#-----------
time=16867896
mem_heap_B=1158056
mem_heap_extra_B=46128
mem_stacks_B=0
heap_tree=detailed
n4: 1158056 (heap allocation functions) malloc/new/new[], --alloc-fns, etc.
 n1: 588000 0x44AA8D: create_ssh_host_cache (network.c:502)
  n1: 588000 0x44AA8D: network_init (network.c:48)
   n1: 588000 0x4382A1: init (init.c:147)
    n0: 588000 0x4010A4: main (lusush.c:55)
 n1: 400000 0x40C8F1: posix_history_create (posix_history.c:162)
  n1: 400000 0x438D33: init (init.c:458)
   n0: 400000 0x4010A4: main (lusush.c:55)
 n5: 99547 0x489EA3C: xmalloc (xmalloc.c:59)
  n1: 32016 0x4897B29: add_history (history.c:314)
   n1: 32016 0x48A34F5: read_history_range (histfile.c:422)
    n1: 32016 0x43F16F: lusush_history_load (readline_integration.c:703)
     n1: 32016 0x43F16F: lusush_readline_init.part.0 (readline_integration.c:353)
      n1: 32016 0x43F238: lusush_readline_init (readline_integration.c:320)
       n1: 32016 0x438B7D: init (init.c:348)
        n0: 32016 0x4010A4: main (lusush.c:55)
  n1: 19907 0x4894CEB: alloc_history_entry (history.c:233)
   n1: 19907 0x4897ABD: add_history (history.c:329)
    n2: 19907 0x48A34F5: read_history_range (histfile.c:422)
     n1: 12893 0x43E977: lusush_history_load (readline_integration.c:703)
      n1: 12893 0x40AB6D: init_history (history.c:56)
       n1: 12893 0x438D1E: init (init.c:454)
        n0: 12893 0x4010A4: main (lusush.c:55)
     n0: 7014 in 1 place, below massif's threshold (1.00%)
  n1: 19176 0x4894CCE: alloc_history_entry (history.c:231)
   n1: 19176 0x4897ABD: add_history (history.c:329)
    n2: 19176 0x48A34F5: read_history_range (histfile.c:422)
     n1: 14400 0x43E977: lusush_history_load (readline_integration.c:703)
      n1: 14400 0x40AB6D: init_history (history.c:56)
       n1: 14400 0x438D1E: init (init.c:454)
        n0: 14400 0x4010A4: main (lusush.c:55)
     n0: 4776 in 1 place, below massif's threshold (1.00%)
  n1: 16448 0x4877FF1: rl_make_bare_keymap (keymaps.c:62)
   n2: 16448 0x4878E5F: rl_generic_bind (bind.c:454)
    n1: 12336 0x43DD04: setup_key_bindings (readline_integration.c:2288)
     n1: 12336 0x43F04A: lusush_readline_init.part.0 (readline_integration.c:359)
      n1: 12336 0x43F238: lusush_readline_init (readline_integration.c:320)
       n1: 12336 0x438B7D: init (init.c:348)
        n0: 12336 0x4010A4: main (lusush.c:55)
    n0: 4112 in 1 place, below massif's threshold (1.00%)
  n0: 12000 in 3 places, all below massif's threshold (1.00%)
 n0: 70509 in 56 places, all below massif's threshold (1.00%)
#-----------
snapshot=68
#-----------
time=16955714
mem_heap_B=1166774
mem_heap_extra_B=49458
mem_stacks_B=0
heap_tree=detailed
n4: 1166774 (heap allocation functions) malloc/new/new[], --alloc-fns, etc.
 n1: 588000 0x44AA8D: create_ssh_host_cache (network.c:502)
  n1: 588000 0x44AA8D: network_init (network.c:48)
   n1: 588000 0x4382A1: init (init.c:147)
    n0: 588000 0x4010A4: main (lusush.c:55)
 n1: 400000 0x40C8F1: posix_history_create (posix_history.c:162)
  n1: 400000 0x438D33: init (init.c:458)
   n0: 400000 0x4010A4: main (lusush.c:55)
 n5: 99547 0x489EA3C: xmalloc (xmalloc.c:59)
  n1: 32016 0x4897B29: add_history (history.c:314)
   n1: 32016 0x48A34F5: read_history_range (histfile.c:422)
    n1: 32016 0x43F16F: lusush_history_load (readline_integration.c:703)
     n1: 32016 0x43F16F: lusush_readline_init.part.0 (readline_integration.c:353)
      n1: 32016 0x43F238: lusush_readline_init (readline_integration.c:320)
       n1: 32016 0x438B7D: init (init.c:348)
        n0: 32016 0x4010A4: main (lusush.c:55)
  n1: 19907 0x4894CEB: alloc_history_entry (history.c:233)
   n1: 19907 0x4897ABD: add_history (history.c:329)
    n2: 19907 0x48A34F5: read_history_range (histfile.c:422)
     n1: 12893 0x43E977: lusush_history_load (readline_integration.c:703)
      n1: 12893 0x40AB6D: init_history (history.c:56)
       n1: 12893 0x438D1E: init (init.c:454)
        n0: 12893 0x4010A4: main (lusush.c:55)
     n0: 7014 in 1 place, below massif's threshold (1.00%)
  n1: 19176 0x4894CCE: alloc_history_entry (history.c:231)
   n1: 19176 0x4897ABD: add_history (history.c:329)
    n2: 19176 0x48A34F5: read_history_range (histfile.c:422)
     n1: 14400 0x43E977: lusush_history_load (readline_integration.c:703)
      n1: 14400 0x40AB6D: init_history (history.c:56)
       n1: 14400 0x438D1E: init (init.c:454)
        n0: 14400 0x4010A4: main (lusush.c:55)
     n0: 4776 in 1 place, below massif's threshold (1.00%)
  n1: 16448 0x4877FF1: rl_make_bare_keymap (keymaps.c:62)
   n2: 16448 0x4878E5F: rl_generic_bind (bind.c:454)
    n1: 12336 0x43DD04: setup_key_bindings (readline_integration.c:2288)
     n1: 12336 0x43F04A: lusush_readline_init.part.0 (readline_integration.c:359)
      n1: 12336 0x43F238: lusush_readline_init (readline_integration.c:320)
       n1: 12336 0x438B7D: init (init.c:348)
        n0: 12336 0x4010A4: main (lusush.c:55)
    n0: 4112 in 1 place, below massif's threshold (1.00%)
  n0: 12000 in 3 places, all below massif's threshold (1.00%)
 n0: 79227 in 57 places, all below massif's threshold (1.00%)
#-----------
snapshot=69
#-----------
time=17055197
mem_heap_B=1170871
mem_heap_extra_B=53369
mem_stacks_B=0
heap_tree=empty
#-----------
snapshot=70
#-----------
time=17107253
mem_heap_B=1173207
mem_heap_extra_B=55209
mem_stacks_B=0
heap_tree=detailed
n5: 1173207 (heap allocation functions) malloc/new/new[], --alloc-fns, etc.
 n1: 588000 0x44AA8D: create_ssh_host_cache (network.c:502)
  n1: 588000 0x44AA8D: network_init (network.c:48)
   n1: 588000 0x4382A1: init (init.c:147)
    n0: 588000 0x4010A4: main (lusush.c:55)
 n1: 400000 0x40C8F1: posix_history_create (posix_history.c:162)
  n1: 400000 0x438D33: init (init.c:458)
   n0: 400000 0x4010A4: main (lusush.c:55)
 n5: 99547 0x489EA3C: xmalloc (xmalloc.c:59)
  n1: 32016 0x4897B29: add_history (history.c:314)
   n1: 32016 0x48A34F5: read_history_range (histfile.c:422)
    n1: 32016 0x43F16F: lusush_history_load (readline_integration.c:703)
     n1: 32016 0x43F16F: lusush_readline_init.part.0 (readline_integration.c:353)
      n1: 32016 0x43F238: lusush_readline_init (readline_integration.c:320)
       n1: 32016 0x438B7D: init (init.c:348)
        n0: 32016 0x4010A4: main (lusush.c:55)
  n1: 19907 0x4894CEB: alloc_history_entry (history.c:233)
   n1: 19907 0x4897ABD: add_history (history.c:329)
    n2: 19907 0x48A34F5: read_history_range (histfile.c:422)
     n1: 12893 0x43E977: lusush_history_load (readline_integration.c:703)
      n1: 12893 0x40AB6D: init_history (history.c:56)
       n1: 12893 0x438D1E: init (init.c:454)
        n0: 12893 0x4010A4: main (lusush.c:55)
     n0: 7014 in 1 place, below massif's threshold (1.00%)
  n1: 19176 0x4894CCE: alloc_history_entry (history.c:231)
   n1: 19176 0x4897ABD: add_history (history.c:329)
    n2: 19176 0x48A34F5: read_history_range (histfile.c:422)
     n1: 14400 0x43E977: lusush_history_load (readline_integration.c:703)
      n1: 14400 0x40AB6D: init_history (history.c:56)
       n1: 14400 0x438D1E: init (init.c:454)
        n0: 14400 0x4010A4: main (lusush.c:55)
     n0: 4776 in 1 place, below massif's threshold (1.00%)
  n1: 16448 0x4877FF1: rl_make_bare_keymap (keymaps.c:62)
   n2: 16448 0x4878E5F: rl_generic_bind (bind.c:454)
    n1: 12336 0x43DD04: setup_key_bindings (readline_integration.c:2288)
     n1: 12336 0x43F04A: lusush_readline_init.part.0 (readline_integration.c:359)
      n1: 12336 0x43F238: lusush_readline_init (readline_integration.c:320)
       n1: 12336 0x438B7D: init (init.c:348)
        n0: 12336 0x4010A4: main (lusush.c:55)
    n0: 4112 in 1 place, below massif's threshold (1.00%)
  n0: 12000 in 3 places, all below massif's threshold (1.00%)
 n0: 70818 in 56 places, all below massif's threshold (1.00%)
 n1: 14842 0x4955AAE: strdup (strdup.c:42)
  n0: 14842 in 30 places, all below massif's threshold (1.00%)
#-----------
snapshot=71
#-----------
time=17206799
mem_heap_B=1179897
mem_heap_extra_B=58423
mem_stacks_B=0
heap_tree=empty
#-----------
snapshot=72
#-----------
time=17235868
mem_heap_B=1181331
mem_heap_extra_B=59397
mem_stacks_B=0
heap_tree=detailed
n5: 1181331 (heap allocation functions) malloc/new/new[], --alloc-fns, etc.
 n1: 588000 0x44AA8D: create_ssh_host_cache (network.c:502)
  n1: 588000 0x44AA8D: network_init (network.c:48)
   n1: 588000 0x4382A1: init (init.c:147)
    n0: 588000 0x4010A4: main (lusush.c:55)
 n1: 400000 0x40C8F1: posix_history_create (posix_history.c:162)
  n1: 400000 0x438D33: init (init.c:458)
   n0: 400000 0x4010A4: main (lusush.c:55)
 n5: 99547 0x489EA3C: xmalloc (xmalloc.c:59)
  n1: 32016 0x4897B29: add_history (history.c:314)
   n1: 32016 0x48A34F5: read_history_range (histfile.c:422)
    n1: 32016 0x43F16F: lusush_history_load (readline_integration.c:703)
     n1: 32016 0x43F16F: lusush_readline_init.part.0 (readline_integration.c:353)
      n1: 32016 0x43F238: lusush_readline_init (readline_integration.c:320)
       n1: 32016 0x438B7D: init (init.c:348)
        n0: 32016 0x4010A4: main (lusush.c:55)
  n1: 19907 0x4894CEB: alloc_history_entry (history.c:233)
   n1: 19907 0x4897ABD: add_history (history.c:329)
    n2: 19907 0x48A34F5: read_history_range (histfile.c:422)
     n1: 12893 0x43E977: lusush_history_load (readline_integration.c:703)
      n1: 12893 0x40AB6D: init_history (history.c:56)
       n1: 12893 0x438D1E: init (init.c:454)
        n0: 12893 0x4010A4: main (lusush.c:55)
     n0: 7014 in 1 place, below massif's threshold (1.00%)
  n1: 19176 0x4894CCE: alloc_history_entry (history.c:231)
   n1: 19176 0x4897ABD: add_history (history.c:329)
    n2: 19176 0x48A34F5: read_history_range (histfile.c:422)
     n1: 14400 0x43E977: lusush_history_load (readline_integration.c:703)
      n1: 14400 0x40AB6D: init_history (history.c:56)
       n1: 14400 0x438D1E: init (init.c:454)
        n0: 14400 0x4010A4: main (lusush.c:55)
     n0: 4776 in 1 place, below massif's threshold (1.00%)
  n1: 16448 0x4877FF1: rl_make_bare_keymap (keymaps.c:62)
   n1: 16448 0x4878E5F: rl_generic_bind (bind.c:454)
    n0: 16448 in 2 places, all below massif's threshold (1.00%)
  n0: 12000 in 3 places, all below massif's threshold (1.00%)
 n0: 70818 in 56 places, all below massif's threshold (1.00%)
 n2: 22966 0x4955AAE: strdup (strdup.c:42)
  n1: 18702 0x40CAA5: posix_history_entry_create (posix_history.c:97)
   n1: 18702 0x40CAA5: posix_history_add (posix_history.c:252)
    n1: 18702 0x40D340: posix_history_load (posix_history.c:502)
     n1: 18702 0x439300: init (init.c:466)
      n0: 18702 0x4010A4: main (lusush.c:55)
  n0: 4264 in 29 places, all below massif's threshold (1.00%)
#-----------
snapshot=73
#-----------
time=19316681
mem_heap_B=1180147
mem_heap_extra_B=60389
mem_stacks_B=0
heap_tree=empty
#-----------
snapshot=74
#-----------
time=19366862
mem_heap_B=1193187
mem_heap_extra_B=61661
mem_stacks_B=0
heap_tree=detailed
n5: 1193187 (heap allocation functions) malloc/new/new[], --alloc-fns, etc.
 n1: 588000 0x44AA8D: create_ssh_host_cache (network.c:502)
  n1: 588000 0x44AA8D: network_init (network.c:48)
   n1: 588000 0x4382A1: init (init.c:147)
    n0: 588000 0x4010A4: main (lusush.c:55)
 n1: 400000 0x40C8F1: posix_history_create (posix_history.c:162)
  n1: 400000 0x438D33: init (init.c:458)
   n0: 400000 0x4010A4: main (lusush.c:55)
 n5: 111495 0x489EA3C: xmalloc (xmalloc.c:59)
  n1: 32016 0x4897B29: add_history (history.c:314)
   n1: 32016 0x48A34F5: read_history_range (histfile.c:422)
    n1: 32016 0x43F16F: lusush_history_load (readline_integration.c:703)
     n1: 32016 0x43F16F: lusush_readline_init.part.0 (readline_integration.c:353)
      n1: 32016 0x43F238: lusush_readline_init (readline_integration.c:320)
       n1: 32016 0x438B7D: init (init.c:348)
        n0: 32016 0x4010A4: main (lusush.c:55)
  n1: 24672 0x4877FF1: rl_make_bare_keymap (keymaps.c:62)
   n1: 24672 0x4878E5F: rl_generic_bind (bind.c:454)
    n0: 24672 in 3 places, all below massif's threshold (1.00%)
  n1: 19907 0x4894CEB: alloc_history_entry (history.c:233)
   n1: 19907 0x4897ABD: add_history (history.c:329)
    n2: 19907 0x48A34F5: read_history_range (histfile.c:422)
     n1: 12893 0x43E977: lusush_history_load (readline_integration.c:703)
      n1: 12893 0x40AB6D: init_history (history.c:56)
       n1: 12893 0x438D1E: init (init.c:454)
        n0: 12893 0x4010A4: main (lusush.c:55)
     n0: 7014 in 1 place, below massif's threshold (1.00%)
  n1: 19176 0x4894CCE: alloc_history_entry (history.c:231)
   n1: 19176 0x4897ABD: add_history (history.c:329)
    n2: 19176 0x48A34F5: read_history_range (histfile.c:422)
     n1: 14400 0x43E977: lusush_history_load (readline_integration.c:703)
      n1: 14400 0x40AB6D: init_history (history.c:56)
       n1: 14400 0x438D1E: init (init.c:454)
        n0: 14400 0x4010A4: main (lusush.c:55)
     n0: 4776 in 1 place, below massif's threshold (1.00%)
  n0: 15724 in 17 places, all below massif's threshold (1.00%)
 n0: 69202 in 61 places, all below massif's threshold (1.00%)
 n2: 24490 0x4955AAE: strdup (strdup.c:42)
  n1: 19928 0x40CAA5: posix_history_entry_create (posix_history.c:97)
   n1: 19928 0x40CAA5: posix_history_add (posix_history.c:252)
    n1: 19928 0x40D340: posix_history_load (posix_history.c:502)
     n1: 19928 0x439300: init (init.c:466)
      n0: 19928 0x4010A4: main (lusush.c:55)
  n0: 4562 in 30 places, all below massif's threshold (1.00%)
#-----------
snapshot=75
#-----------
time=19397539
mem_heap_B=1209635
mem_heap_extra_B=61693
mem_stacks_B=0
heap_tree=detailed
n5: 1209635 (heap allocation functions) malloc/new/new[], --alloc-fns, etc.
 n1: 588000 0x44AA8D: create_ssh_host_cache (network.c:502)
  n1: 588000 0x44AA8D: network_init (network.c:48)
   n1: 588000 0x4382A1: init (init.c:147)
    n0: 588000 0x4010A4: main (lusush.c:55)
 n1: 400000 0x40C8F1: posix_history_create (posix_history.c:162)
  n1: 400000 0x438D33: init (init.c:458)
   n0: 400000 0x4010A4: main (lusush.c:55)
 n5: 127943 0x489EA3C: xmalloc (xmalloc.c:59)
  n1: 41120 0x4877FF1: rl_make_bare_keymap (keymaps.c:62)
   n2: 41120 0x4878E5F: rl_generic_bind (bind.c:454)
    n1: 24672 0x488A425: rl_parse_and_bind (bind.c:1824)
     n1: 24672 0x488A6A3: _rl_read_init_file (bind.c:1131)
      n1: 24672 0x4884ADA: UnknownInlinedFun (readline.c:1308)
       n1: 24672 0x4884ADA: rl_initialize (readline.c:1196)
        n1: 24672 0x4884D86: readline (readline.c:379)
         n1: 24672 0x43F35F: lusush_readline_with_prompt (readline_integration.c:482)
          n1: 24672 0x43A494: ln_gets (input.c:647)
           n0: 24672 0x401119: main (lusush.c:85)
    n0: 16448 in 2 places, all below massif's threshold (1.00%)
  n1: 32016 0x4897B29: add_history (history.c:314)
   n1: 32016 0x48A34F5: read_history_range (histfile.c:422)
    n1: 32016 0x43F16F: lusush_history_load (readline_integration.c:703)
     n1: 32016 0x43F16F: lusush_readline_init.part.0 (readline_integration.c:353)
      n1: 32016 0x43F238: lusush_readline_init (readline_integration.c:320)
       n1: 32016 0x438B7D: init (init.c:348)
        n0: 32016 0x4010A4: main (lusush.c:55)
  n1: 19907 0x4894CEB: alloc_history_entry (history.c:233)
   n1: 19907 0x4897ABD: add_history (history.c:329)
    n2: 19907 0x48A34F5: read_history_range (histfile.c:422)
     n1: 12893 0x43E977: lusush_history_load (readline_integration.c:703)
      n1: 12893 0x40AB6D: init_history (history.c:56)
       n1: 12893 0x438D1E: init (init.c:454)
        n0: 12893 0x4010A4: main (lusush.c:55)
     n0: 7014 in 1 place, below massif's threshold (1.00%)
  n1: 19176 0x4894CCE: alloc_history_entry (history.c:231)
   n1: 19176 0x4897ABD: add_history (history.c:329)
    n2: 19176 0x48A34F5: read_history_range (histfile.c:422)
     n1: 14400 0x43E977: lusush_history_load (readline_integration.c:703)
      n1: 14400 0x40AB6D: init_history (history.c:56)
       n1: 14400 0x438D1E: init (init.c:454)
        n0: 14400 0x4010A4: main (lusush.c:55)
     n0: 4776 in 1 place, below massif's threshold (1.00%)
  n0: 15724 in 17 places, all below massif's threshold (1.00%)
 n0: 69202 in 61 places, all below massif's threshold (1.00%)
 n2: 24490 0x4955AAE: strdup (strdup.c:42)
  n1: 19928 0x40CAA5: posix_history_entry_create (posix_history.c:97)
   n1: 19928 0x40CAA5: posix_history_add (posix_history.c:252)
    n1: 19928 0x40D340: posix_history_load (posix_history.c:502)
     n1: 19928 0x439300: init (init.c:466)
      n0: 19928 0x4010A4: main (lusush.c:55)
  n0: 4562 in 30 places, all below massif's threshold (1.00%)
#-----------
snapshot=76
#-----------
time=19427754
mem_heap_B=1225133
mem_heap_extra_B=61699
mem_stacks_B=0
heap_tree=detailed
n5: 1225133 (heap allocation functions) malloc/new/new[], --alloc-fns, etc.
 n1: 588000 0x44AA8D: create_ssh_host_cache (network.c:502)
  n1: 588000 0x44AA8D: network_init (network.c:48)
   n1: 588000 0x4382A1: init (init.c:147)
    n0: 588000 0x4010A4: main (lusush.c:55)
 n1: 400000 0x40C8F1: posix_history_create (posix_history.c:162)
  n1: 400000 0x438D33: init (init.c:458)
   n0: 400000 0x4010A4: main (lusush.c:55)
 n5: 143441 0x489EA3C: xmalloc (xmalloc.c:59)
  n1: 57568 0x4877FF1: rl_make_bare_keymap (keymaps.c:62)
   n2: 57568 0x4878E5F: rl_generic_bind (bind.c:454)
    n0: 28784 in 3 places, all below massif's threshold (1.00%)
    n1: 28784 0x488A425: rl_parse_and_bind (bind.c:1824)
     n1: 28784 0x488A6A3: _rl_read_init_file (bind.c:1131)
      n1: 28784 0x4884ADA: UnknownInlinedFun (readline.c:1308)
       n1: 28784 0x4884ADA: rl_initialize (readline.c:1196)
        n1: 28784 0x4884D86: readline (readline.c:379)
         n1: 28784 0x43F35F: lusush_readline_with_prompt (readline_integration.c:482)
          n1: 28784 0x43A494: ln_gets (input.c:647)
           n0: 28784 0x401119: main (lusush.c:85)
  n1: 32016 0x4897B29: add_history (history.c:314)
   n1: 32016 0x48A34F5: read_history_range (histfile.c:422)
    n1: 32016 0x43F16F: lusush_history_load (readline_integration.c:703)
     n1: 32016 0x43F16F: lusush_readline_init.part.0 (readline_integration.c:353)
      n1: 32016 0x43F238: lusush_readline_init (readline_integration.c:320)
       n1: 32016 0x438B7D: init (init.c:348)
        n0: 32016 0x4010A4: main (lusush.c:55)
  n1: 19907 0x4894CEB: alloc_history_entry (history.c:233)
   n1: 19907 0x4897ABD: add_history (history.c:329)
    n2: 19907 0x48A34F5: read_history_range (histfile.c:422)
     n1: 12893 0x43E977: lusush_history_load (readline_integration.c:703)
      n1: 12893 0x40AB6D: init_history (history.c:56)
       n1: 12893 0x438D1E: init (init.c:454)
        n0: 12893 0x4010A4: main (lusush.c:55)
     n0: 7014 in 1 place, below massif's threshold (1.00%)
  n1: 19176 0x4894CCE: alloc_history_entry (history.c:231)
   n1: 19176 0x4897ABD: add_history (history.c:329)
    n2: 19176 0x48A34F5: read_history_range (histfile.c:422)
     n1: 14400 0x43E977: lusush_history_load (readline_integration.c:703)
      n1: 14400 0x40AB6D: init_history (history.c:56)
       n1: 14400 0x438D1E: init (init.c:454)
        n0: 14400 0x4010A4: main (lusush.c:55)
     n0: 4776 in 1 place, below massif's threshold (1.00%)
  n0: 14774 in 18 places, all below massif's threshold (1.00%)
 n0: 69202 in 61 places, all below massif's threshold (1.00%)
 n2: 24490 0x4955AAE: strdup (strdup.c:42)
  n1: 19928 0x40CAA5: posix_history_entry_create (posix_history.c:97)
   n1: 19928 0x40CAA5: posix_history_add (posix_history.c:252)
    n1: 19928 0x40D340: posix_history_load (posix_history.c:502)
     n1: 19928 0x439300: init (init.c:466)
      n0: 19928 0x4010A4: main (lusush.c:55)
  n0: 4562 in 30 places, all below massif's threshold (1.00%)
#-----------
snapshot=77
#-----------
time=19445573
mem_heap_B=1249805
mem_heap_extra_B=61747
mem_stacks_B=0
heap_tree=detailed
n5: 1249805 (heap allocation functions) malloc/new/new[], --alloc-fns, etc.
 n1: 588000 0x44AA8D: create_ssh_host_cache (network.c:502)
  n1: 588000 0x44AA8D: network_init (network.c:48)
   n1: 588000 0x4382A1: init (init.c:147)
    n0: 588000 0x4010A4: main (lusush.c:55)
 n1: 400000 0x40C8F1: posix_history_create (posix_history.c:162)
  n1: 400000 0x438D33: init (init.c:458)
   n0: 400000 0x4010A4: main (lusush.c:55)
 n5: 168113 0x489EA3C: xmalloc (xmalloc.c:59)
  n1: 82240 0x4877FF1: rl_make_bare_keymap (keymaps.c:62)
   n3: 82240 0x4878E5F: rl_generic_bind (bind.c:454)
    n1: 37008 0x4884825: UnknownInlinedFun (bind.c:340)
     n1: 37008 0x4884825: rl_bind_keyseq_if_unbound_in_map (bind.c:317)
      n0: 37008 in 5 places, all below massif's threshold (1.00%)
    n1: 28784 0x488A425: rl_parse_and_bind (bind.c:1824)
     n1: 28784 0x488A6A3: _rl_read_init_file (bind.c:1131)
      n1: 28784 0x4884ADA: UnknownInlinedFun (readline.c:1308)
       n1: 28784 0x4884ADA: rl_initialize (readline.c:1196)
        n1: 28784 0x4884D86: readline (readline.c:379)
         n1: 28784 0x43F35F: lusush_readline_with_prompt (readline_integration.c:482)
          n1: 28784 0x43A494: ln_gets (input.c:647)
           n0: 28784 0x401119: main (lusush.c:85)
    n0: 16448 in 2 places, all below massif's threshold (1.00%)
  n1: 32016 0x4897B29: add_history (history.c:314)
   n1: 32016 0x48A34F5: read_history_range (histfile.c:422)
    n1: 32016 0x43F16F: lusush_history_load (readline_integration.c:703)
     n1: 32016 0x43F16F: lusush_readline_init.part.0 (readline_integration.c:353)
      n1: 32016 0x43F238: lusush_readline_init (readline_integration.c:320)
       n1: 32016 0x438B7D: init (init.c:348)
        n0: 32016 0x4010A4: main (lusush.c:55)
  n1: 19907 0x4894CEB: alloc_history_entry (history.c:233)
   n1: 19907 0x4897ABD: add_history (history.c:329)
    n1: 19907 0x48A34F5: read_history_range (histfile.c:422)
     n0: 19907 in 2 places, all below massif's threshold (1.00%)
  n1: 19176 0x4894CCE: alloc_history_entry (history.c:231)
   n1: 19176 0x4897ABD: add_history (history.c:329)
    n2: 19176 0x48A34F5: read_history_range (histfile.c:422)
     n1: 14400 0x43E977: lusush_history_load (readline_integration.c:703)
      n1: 14400 0x40AB6D: init_history (history.c:56)
       n1: 14400 0x438D1E: init (init.c:454)
        n0: 14400 0x4010A4: main (lusush.c:55)
     n0: 4776 in 1 place, below massif's threshold (1.00%)
  n0: 14774 in 18 places, all below massif's threshold (1.00%)
 n0: 69202 in 61 places, all below massif's threshold (1.00%)
 n2: 24490 0x4955AAE: strdup (strdup.c:42)
  n1: 19928 0x40CAA5: posix_history_entry_create (posix_history.c:97)
   n1: 19928 0x40CAA5: posix_history_add (posix_history.c:252)
    n1: 19928 0x40D340: posix_history_load (posix_history.c:502)
     n1: 19928 0x439300: init (init.c:466)
      n0: 19928 0x4010A4: main (lusush.c:55)
  n0: 4562 in 30 places, all below massif's threshold (1.00%)
#-----------
snapshot=78
#-----------
time=19453644
mem_heap_B=1266253
mem_heap_extra_B=61779
mem_stacks_B=0
heap_tree=detailed
n5: 1266253 (heap allocation functions) malloc/new/new[], --alloc-fns, etc.
 n1: 588000 0x44AA8D: create_ssh_host_cache (network.c:502)
  n1: 588000 0x44AA8D: network_init (network.c:48)
   n1: 588000 0x4382A1: init (init.c:147)
    n0: 588000 0x4010A4: main (lusush.c:55)
 n1: 400000 0x40C8F1: posix_history_create (posix_history.c:162)
  n1: 400000 0x438D33: init (init.c:458)
   n0: 400000 0x4010A4: main (lusush.c:55)
 n5: 184561 0x489EA3C: xmalloc (xmalloc.c:59)
  n1: 98688 0x4877FF1: rl_make_bare_keymap (keymaps.c:62)
   n3: 98688 0x4878E5F: rl_generic_bind (bind.c:454)
    n1: 53456 0x4884825: UnknownInlinedFun (bind.c:340)
     n2: 53456 0x4884825: rl_bind_keyseq_if_unbound_in_map (bind.c:317)
      n0: 32896 in 4 places, all below massif's threshold (1.00%)
      n1: 20560 0x48849F0: bind_arrow_keys_internal (readline.c:1398)
       n0: 20560 in 2 places, all below massif's threshold (1.00%)
    n1: 28784 0x488A425: rl_parse_and_bind (bind.c:1824)
     n1: 28784 0x488A6A3: _rl_read_init_file (bind.c:1131)
      n1: 28784 0x4884ADA: UnknownInlinedFun (readline.c:1308)
       n1: 28784 0x4884ADA: rl_initialize (readline.c:1196)
        n1: 28784 0x4884D86: readline (readline.c:379)
         n1: 28784 0x43F35F: lusush_readline_with_prompt (readline_integration.c:482)
          n1: 28784 0x43A494: ln_gets (input.c:647)
           n0: 28784 0x401119: main (lusush.c:85)
    n0: 16448 in 2 places, all below massif's threshold (1.00%)
  n1: 32016 0x4897B29: add_history (history.c:314)
   n1: 32016 0x48A34F5: read_history_range (histfile.c:422)
    n1: 32016 0x43F16F: lusush_history_load (readline_integration.c:703)
     n1: 32016 0x43F16F: lusush_readline_init.part.0 (readline_integration.c:353)
      n1: 32016 0x43F238: lusush_readline_init (readline_integration.c:320)
       n1: 32016 0x438B7D: init (init.c:348)
        n0: 32016 0x4010A4: main (lusush.c:55)
  n1: 19907 0x4894CEB: alloc_history_entry (history.c:233)
   n1: 19907 0x4897ABD: add_history (history.c:329)
    n1: 19907 0x48A34F5: read_history_range (histfile.c:422)
     n0: 19907 in 2 places, all below massif's threshold (1.00%)
  n1: 19176 0x4894CCE: alloc_history_entry (history.c:231)
   n1: 19176 0x4897ABD: add_history (history.c:329)
    n2: 19176 0x48A34F5: read_history_range (histfile.c:422)
     n1: 14400 0x43E977: lusush_history_load (readline_integration.c:703)
      n1: 14400 0x40AB6D: init_history (history.c:56)
       n1: 14400 0x438D1E: init (init.c:454)
        n0: 14400 0x4010A4: main (lusush.c:55)
     n0: 4776 in 1 place, below massif's threshold (1.00%)
  n0: 14774 in 18 places, all below massif's threshold (1.00%)
 n0: 69202 in 61 places, all below massif's threshold (1.00%)
 n2: 24490 0x4955AAE: strdup (strdup.c:42)
  n1: 19928 0x40CAA5: posix_history_entry_create (posix_history.c:97)
   n1: 19928 0x40CAA5: posix_history_add (posix_history.c:252)
    n1: 19928 0x40D340: posix_history_load (posix_history.c:502)
     n1: 19928 0x439300: init (init.c:466)
      n0: 19928 0x4010A4: main (lusush.c:55)
  n0: 4562 in 30 places, all below massif's threshold (1.00%)
#-----------
snapshot=79
#-----------
time=19471740
mem_heap_B=1290925
mem_heap_extra_B=61827
mem_stacks_B=0
heap_tree=detailed
n5: 1290925 (heap allocation functions) malloc/new/new[], --alloc-fns, etc.
 n1: 588000 0x44AA8D: create_ssh_host_cache (network.c:502)
  n1: 588000 0x44AA8D: network_init (network.c:48)
   n1: 588000 0x4382A1: init (init.c:147)
    n0: 588000 0x4010A4: main (lusush.c:55)
 n1: 400000 0x40C8F1: posix_history_create (posix_history.c:162)
  n1: 400000 0x438D33: init (init.c:458)
   n0: 400000 0x4010A4: main (lusush.c:55)
 n5: 209233 0x489EA3C: xmalloc (xmalloc.c:59)
  n1: 123360 0x4877FF1: rl_make_bare_keymap (keymaps.c:62)
   n3: 123360 0x4878E5F: rl_generic_bind (bind.c:454)
    n1: 78128 0x4884825: UnknownInlinedFun (bind.c:340)
     n4: 78128 0x4884825: rl_bind_keyseq_if_unbound_in_map (bind.c:317)
      n1: 24672 0x48849CA: bind_arrow_keys_internal (readline.c:1396)
       n0: 24672 in 2 places, all below massif's threshold (1.00%)
      n1: 20560 0x48849F0: bind_arrow_keys_internal (readline.c:1398)
       n0: 20560 in 2 places, all below massif's threshold (1.00%)
      n0: 16448 in 2 places, all below massif's threshold (1.00%)
      n1: 16448 0x48848E6: bind_arrow_keys_internal (readline.c:1381)
       n0: 16448 in 2 places, all below massif's threshold (1.00%)
    n1: 28784 0x488A425: rl_parse_and_bind (bind.c:1824)
     n1: 28784 0x488A6A3: _rl_read_init_file (bind.c:1131)
      n1: 28784 0x4884ADA: UnknownInlinedFun (readline.c:1308)
       n1: 28784 0x4884ADA: rl_initialize (readline.c:1196)
        n1: 28784 0x4884D86: readline (readline.c:379)
         n1: 28784 0x43F35F: lusush_readline_with_prompt (readline_integration.c:482)
          n1: 28784 0x43A494: ln_gets (input.c:647)
           n0: 28784 0x401119: main (lusush.c:85)
    n0: 16448 in 2 places, all below massif's threshold (1.00%)
  n1: 32016 0x4897B29: add_history (history.c:314)
   n1: 32016 0x48A34F5: read_history_range (histfile.c:422)
    n1: 32016 0x43F16F: lusush_history_load (readline_integration.c:703)
     n1: 32016 0x43F16F: lusush_readline_init.part.0 (readline_integration.c:353)
      n1: 32016 0x43F238: lusush_readline_init (readline_integration.c:320)
       n1: 32016 0x438B7D: init (init.c:348)
        n0: 32016 0x4010A4: main (lusush.c:55)
  n1: 19907 0x4894CEB: alloc_history_entry (history.c:233)
   n1: 19907 0x4897ABD: add_history (history.c:329)
    n1: 19907 0x48A34F5: read_history_range (histfile.c:422)
     n0: 19907 in 2 places, all below massif's threshold (1.00%)
  n1: 19176 0x4894CCE: alloc_history_entry (history.c:231)
   n1: 19176 0x4897ABD: add_history (history.c:329)
    n2: 19176 0x48A34F5: read_history_range (histfile.c:422)
     n1: 14400 0x43E977: lusush_history_load (readline_integration.c:703)
      n1: 14400 0x40AB6D: init_history (history.c:56)
       n1: 14400 0x438D1E: init (init.c:454)
        n0: 14400 0x4010A4: main (lusush.c:55)
     n0: 4776 in 1 place, below massif's threshold (1.00%)
  n0: 14774 in 18 places, all below massif's threshold (1.00%)
 n0: 69202 in 61 places, all below massif's threshold (1.00%)
 n2: 24490 0x4955AAE: strdup (strdup.c:42)
  n1: 19928 0x40CAA5: posix_history_entry_create (posix_history.c:97)
   n1: 19928 0x40CAA5: posix_history_add (posix_history.c:252)
    n1: 19928 0x40D340: posix_history_load (posix_history.c:502)
     n1: 19928 0x439300: init (init.c:466)
      n0: 19928 0x4010A4: main (lusush.c:55)
  n0: 4562 in 30 places, all below massif's threshold (1.00%)
#-----------
snapshot=80
#-----------
time=19479811
mem_heap_B=1307373
mem_heap_extra_B=61859
mem_stacks_B=0
heap_tree=detailed
n5: 1307373 (heap allocation functions) malloc/new/new[], --alloc-fns, etc.
 n1: 588000 0x44AA8D: create_ssh_host_cache (network.c:502)
  n1: 588000 0x44AA8D: network_init (network.c:48)
   n1: 588000 0x4382A1: init (init.c:147)
    n0: 588000 0x4010A4: main (lusush.c:55)
 n1: 400000 0x40C8F1: posix_history_create (posix_history.c:162)
  n1: 400000 0x438D33: init (init.c:458)
   n0: 400000 0x4010A4: main (lusush.c:55)
 n5: 225681 0x489EA3C: xmalloc (xmalloc.c:59)
  n1: 139808 0x4877FF1: rl_make_bare_keymap (keymaps.c:62)
   n3: 139808 0x4878E5F: rl_generic_bind (bind.c:454)
    n1: 94576 0x4884825: UnknownInlinedFun (bind.c:340)
     n4: 94576 0x4884825: rl_bind_keyseq_if_unbound_in_map (bind.c:317)
      n1: 32896 0x48849F0: bind_arrow_keys_internal (readline.c:1398)
       n0: 32896 in 3 places, all below massif's threshold (1.00%)
      n1: 24672 0x48849CA: bind_arrow_keys_internal (readline.c:1396)
       n0: 24672 in 2 places, all below massif's threshold (1.00%)
      n0: 20560 in 2 places, all below massif's threshold (1.00%)
      n1: 16448 0x48848E6: bind_arrow_keys_internal (readline.c:1381)
       n0: 16448 in 2 places, all below massif's threshold (1.00%)
    n1: 28784 0x488A425: rl_parse_and_bind (bind.c:1824)
     n1: 28784 0x488A6A3: _rl_read_init_file (bind.c:1131)
      n1: 28784 0x4884ADA: UnknownInlinedFun (readline.c:1308)
       n1: 28784 0x4884ADA: rl_initialize (readline.c:1196)
        n1: 28784 0x4884D86: readline (readline.c:379)
         n1: 28784 0x43F35F: lusush_readline_with_prompt (readline_integration.c:482)
          n1: 28784 0x43A494: ln_gets (input.c:647)
           n0: 28784 0x401119: main (lusush.c:85)
    n0: 16448 in 2 places, all below massif's threshold (1.00%)
  n1: 32016 0x4897B29: add_history (history.c:314)
   n1: 32016 0x48A34F5: read_history_range (histfile.c:422)
    n1: 32016 0x43F16F: lusush_history_load (readline_integration.c:703)
     n1: 32016 0x43F16F: lusush_readline_init.part.0 (readline_integration.c:353)
      n1: 32016 0x43F238: lusush_readline_init (readline_integration.c:320)
       n1: 32016 0x438B7D: init (init.c:348)
        n0: 32016 0x4010A4: main (lusush.c:55)
  n1: 19907 0x4894CEB: alloc_history_entry (history.c:233)
   n1: 19907 0x4897ABD: add_history (history.c:329)
    n1: 19907 0x48A34F5: read_history_range (histfile.c:422)
     n0: 19907 in 2 places, all below massif's threshold (1.00%)
  n1: 19176 0x4894CCE: alloc_history_entry (history.c:231)
   n1: 19176 0x4897ABD: add_history (history.c:329)
    n2: 19176 0x48A34F5: read_history_range (histfile.c:422)
     n1: 14400 0x43E977: lusush_history_load (readline_integration.c:703)
      n1: 14400 0x40AB6D: init_history (history.c:56)
       n1: 14400 0x438D1E: init (init.c:454)
        n0: 14400 0x4010A4: main (lusush.c:55)
     n0: 4776 in 1 place, below massif's threshold (1.00%)
  n0: 14774 in 18 places, all below massif's threshold (1.00%)
 n0: 69202 in 61 places, all below massif's threshold (1.00%)
 n2: 24490 0x4955AAE: strdup (strdup.c:42)
  n1: 19928 0x40CAA5: posix_history_entry_create (posix_history.c:97)
   n1: 19928 0x40CAA5: posix_history_add (posix_history.c:252)
    n1: 19928 0x40D340: posix_history_load (posix_history.c:502)
     n1: 19928 0x439300: init (init.c:466)
      n0: 19928 0x4010A4: main (lusush.c:55)
  n0: 4562 in 30 places, all below massif's threshold (1.00%)
#-----------
snapshot=81
#-----------
time=19489235
mem_heap_B=1327933
mem_heap_extra_B=61899
mem_stacks_B=0
heap_tree=detailed
n5: 1327933 (heap allocation functions) malloc/new/new[], --alloc-fns, etc.
 n1: 588000 0x44AA8D: create_ssh_host_cache (network.c:502)
  n1: 588000 0x44AA8D: network_init (network.c:48)
   n1: 588000 0x4382A1: init (init.c:147)
    n0: 588000 0x4010A4: main (lusush.c:55)
 n1: 400000 0x40C8F1: posix_history_create (posix_history.c:162)
  n1: 400000 0x438D33: init (init.c:458)
   n0: 400000 0x4010A4: main (lusush.c:55)
 n5: 246241 0x489EA3C: xmalloc (xmalloc.c:59)
  n1: 160368 0x4877FF1: rl_make_bare_keymap (keymaps.c:62)
   n3: 160368 0x4878E5F: rl_generic_bind (bind.c:454)
    n1: 115136 0x4884825: UnknownInlinedFun (bind.c:340)
     n4: 115136 0x4884825: rl_bind_keyseq_if_unbound_in_map (bind.c:317)
      n0: 41120 in 4 places, all below massif's threshold (1.00%)
      n1: 32896 0x48849F0: bind_arrow_keys_internal (readline.c:1398)
       n0: 32896 in 3 places, all below massif's threshold (1.00%)
      n1: 24672 0x48849CA: bind_arrow_keys_internal (readline.c:1396)
       n0: 24672 in 2 places, all below massif's threshold (1.00%)
      n1: 16448 0x48848E6: bind_arrow_keys_internal (readline.c:1381)
       n0: 16448 in 2 places, all below massif's threshold (1.00%)
    n1: 28784 0x488A425: rl_parse_and_bind (bind.c:1824)
     n1: 28784 0x488A6A3: _rl_read_init_file (bind.c:1131)
      n1: 28784 0x4884ADA: UnknownInlinedFun (readline.c:1308)
       n1: 28784 0x4884ADA: rl_initialize (readline.c:1196)
        n1: 28784 0x4884D86: readline (readline.c:379)
         n1: 28784 0x43F35F: lusush_readline_with_prompt (readline_integration.c:482)
          n1: 28784 0x43A494: ln_gets (input.c:647)
           n0: 28784 0x401119: main (lusush.c:85)
    n0: 16448 in 2 places, all below massif's threshold (1.00%)
  n1: 32016 0x4897B29: add_history (history.c:314)
   n1: 32016 0x48A34F5: read_history_range (histfile.c:422)
    n1: 32016 0x43F16F: lusush_history_load (readline_integration.c:703)
     n1: 32016 0x43F16F: lusush_readline_init.part.0 (readline_integration.c:353)
      n1: 32016 0x43F238: lusush_readline_init (readline_integration.c:320)
       n1: 32016 0x438B7D: init (init.c:348)
        n0: 32016 0x4010A4: main (lusush.c:55)
  n1: 19907 0x4894CEB: alloc_history_entry (history.c:233)
   n1: 19907 0x4897ABD: add_history (history.c:329)
    n1: 19907 0x48A34F5: read_history_range (histfile.c:422)
     n0: 19907 in 2 places, all below massif's threshold (1.00%)
  n1: 19176 0x4894CCE: alloc_history_entry (history.c:231)
   n1: 19176 0x4897ABD: add_history (history.c:329)
    n2: 19176 0x48A34F5: read_history_range (histfile.c:422)
     n1: 14400 0x43E977: lusush_history_load (readline_integration.c:703)
      n1: 14400 0x40AB6D: init_history (history.c:56)
       n1: 14400 0x438D1E: init (init.c:454)
        n0: 14400 0x4010A4: main (lusush.c:55)
     n0: 4776 in 1 place, below massif's threshold (1.00%)
  n0: 14774 in 18 places, all below massif's threshold (1.00%)
 n0: 69202 in 61 places, all below massif's threshold (1.00%)
 n2: 24490 0x4955AAE: strdup (strdup.c:42)
  n1: 19928 0x40CAA5: posix_history_entry_create (posix_history.c:97)
   n1: 19928 0x40CAA5: posix_history_add (posix_history.c:252)
    n1: 19928 0x40D340: posix_history_load (posix_history.c:502)
     n1: 19928 0x439300: init (init.c:466)
      n0: 19928 0x4010A4: main (lusush.c:55)
  n0: 4562 in 30 places, all below massif's threshold (1.00%)
#-----------
snapshot=82
#-----------
time=19587066
mem_heap_B=1345376
mem_heap_extra_B=62008
mem_stacks_B=0
heap_tree=peak
n5: 1345376 (heap allocation functions) malloc/new/new[], --alloc-fns, etc.
 n1: 588000 0x44AA8D: create_ssh_host_cache (network.c:502)
  n1: 588000 0x44AA8D: network_init (network.c:48)
   n1: 588000 0x4382A1: init (init.c:147)
    n0: 588000 0x4010A4: main (lusush.c:55)
 n1: 400000 0x40C8F1: posix_history_create (posix_history.c:162)
  n1: 400000 0x438D33: init (init.c:458)
   n0: 400000 0x4010A4: main (lusush.c:55)
 n5: 250356 0x489EA3C: xmalloc (xmalloc.c:59)
  n1: 160368 0x4877FF1: rl_make_bare_keymap (keymaps.c:62)
   n3: 160368 0x4878E5F: rl_generic_bind (bind.c:454)
    n1: 115136 0x4884825: UnknownInlinedFun (bind.c:340)
     n4: 115136 0x4884825: rl_bind_keyseq_if_unbound_in_map (bind.c:317)
      n0: 41120 in 4 places, all below massif's threshold (1.00%)
      n1: 32896 0x48849F0: bind_arrow_keys_internal (readline.c:1398)
       n0: 32896 in 3 places, all below massif's threshold (1.00%)
      n1: 24672 0x48849CA: bind_arrow_keys_internal (readline.c:1396)
       n0: 24672 in 2 places, all below massif's threshold (1.00%)
      n1: 16448 0x48848E6: bind_arrow_keys_internal (readline.c:1381)
       n0: 16448 in 2 places, all below massif's threshold (1.00%)
    n1: 28784 0x488A425: rl_parse_and_bind (bind.c:1824)
     n1: 28784 0x488A6A3: _rl_read_init_file (bind.c:1131)
      n1: 28784 0x4884ADA: UnknownInlinedFun (readline.c:1308)
       n1: 28784 0x4884ADA: rl_initialize (readline.c:1196)
        n1: 28784 0x4884D86: readline (readline.c:379)
         n1: 28784 0x43F35F: lusush_readline_with_prompt (readline_integration.c:482)
          n1: 28784 0x43A494: ln_gets (input.c:647)
           n0: 28784 0x401119: main (lusush.c:85)
    n0: 16448 in 2 places, all below massif's threshold (1.00%)
  n1: 32016 0x4897B29: add_history (history.c:314)
   n1: 32016 0x48A34F5: read_history_range (histfile.c:422)
    n1: 32016 0x43F16F: lusush_history_load (readline_integration.c:703)
     n1: 32016 0x43F16F: lusush_readline_init.part.0 (readline_integration.c:353)
      n1: 32016 0x43F238: lusush_readline_init (readline_integration.c:320)
       n1: 32016 0x438B7D: init (init.c:348)
        n0: 32016 0x4010A4: main (lusush.c:55)
  n1: 19907 0x4894CEB: alloc_history_entry (history.c:233)
   n1: 19907 0x4897ABD: add_history (history.c:329)
    n1: 19907 0x48A34F5: read_history_range (histfile.c:422)
     n0: 19907 in 2 places, all below massif's threshold (1.00%)
  n1: 19176 0x4894CCE: alloc_history_entry (history.c:231)
   n1: 19176 0x4897ABD: add_history (history.c:329)
    n2: 19176 0x48A34F5: read_history_range (histfile.c:422)
     n1: 14400 0x43E977: lusush_history_load (readline_integration.c:703)
      n1: 14400 0x40AB6D: init_history (history.c:56)
       n1: 14400 0x438D1E: init (init.c:454)
        n0: 14400 0x4010A4: main (lusush.c:55)
     n0: 4776 in 1 place, below massif's threshold (1.00%)
  n0: 18889 in 23 places, all below massif's threshold (1.00%)
 n0: 82530 in 63 places, all below massif's threshold (1.00%)
 n2: 24490 0x4955AAE: strdup (strdup.c:42)
  n1: 19928 0x40CAA5: posix_history_entry_create (posix_history.c:97)
   n1: 19928 0x40CAA5: posix_history_add (posix_history.c:252)
    n1: 19928 0x40D340: posix_history_load (posix_history.c:502)
     n1: 19928 0x439300: init (init.c:466)
      n0: 19928 0x4010A4: main (lusush.c:55)
  n0: 4562 in 30 places, all below massif's threshold (1.00%)
#-----------
snapshot=83
#-----------
time=19809299
mem_heap_B=1341628
mem_heap_extra_B=66204
mem_stacks_B=0
heap_tree=empty
#-----------
snapshot=84
#-----------
time=19908690
mem_heap_B=1342712
mem_heap_extra_B=70344
mem_stacks_B=0
heap_tree=empty
#-----------
snapshot=85
#-----------
time=20315029
mem_heap_B=1327734
mem_heap_extra_B=70394
mem_stacks_B=0
heap_tree=empty
#-----------
snapshot=86
#-----------
time=20414437
mem_heap_B=1279996
mem_heap_extra_B=35884
mem_stacks_B=0
heap_tree=empty
